Release 12.4 - xst M.81d (lin64)
Copyright (c) 1995-2010 Xilinx, Inc.  All rights reserved.
--> 
Parameter TMPDIR set to tmpdir


Total REAL time to Xst completion: 5.00 secs
Total CPU time to Xst completion: 0.15 secs
 
--> 

TABLE OF CONTENTS
  1) Synthesis Options Summary
  2) HDL Parsing
  3) HDL Elaboration
  4) HDL Synthesis
       4.1) HDL Synthesis Report
  5) Advanced HDL Synthesis
       5.1) Advanced HDL Synthesis Report
  6) Low Level Synthesis
  7) Partition Report
  8) Design Summary
       8.1) Primitive and Black Box Usage
       8.2) Device utilization summary
       8.3) Partition Resource Summary
       8.4) Timing Report
            8.4.1) Clock Information
            8.4.2) Asynchronous Control Signals Information
            8.4.3) Timing Summary
            8.4.4) Timing Details
            8.4.5) Cross Clock Domains Report


=========================================================================
*                      Synthesis Options Summary                        *
=========================================================================
---- Source Parameters
Input File Name                    : "design.prj"

---- Target Parameters
Output File Name                   : "design.ngc"
Target Device                      : xc6slx16-3-csg324

---- Source Options
Top Module Name                    : VGA_lab

=========================================================================

WARNING:Xst:29 - Optimization Effort not specified
The following parameters have been added:
Optimization Goal                  : SPEED

=========================================================================

=========================================================================
*                          HDL Parsing                                  *
=========================================================================
Parsing VHDL file "/edu/sebca553/Documents/copter_modern/VGA_lab-synthdir/xst/synth/../../../VGA_lab.vhd" into library work
Parsing entity <VGA_lab>.
Parsing architecture <Behavioral> of entity <vga_lab>.
Parsing VHDL file "/edu/sebca553/Documents/copter_modern/VGA_lab-synthdir/xst/synth/../../../KBD_ENC.vhd" into library work
Parsing entity <KBD_ENC>.
Parsing architecture <behavioral> of entity <kbd_enc>.
Parsing VHDL file "/edu/sebca553/Documents/copter_modern/VGA_lab-synthdir/xst/synth/../../../PICT_MEM.vhd" into library work
Parsing entity <PICT_MEM>.
Parsing architecture <Behavioral> of entity <pict_mem>.
Parsing VHDL file "/edu/sebca553/Documents/copter_modern/VGA_lab-synthdir/xst/synth/../../../VGA_MOTOR/VGA_MOTOR.vhd" into library work
Parsing entity <VGA_MOTOR>.
Parsing architecture <Behavioral> of entity <vga_motor>.

=========================================================================
*                            HDL Elaboration                            *
=========================================================================

Elaborating entity <VGA_lab> (architecture <Behavioral>) from library <work>.

Elaborating entity <KBD_ENC> (architecture <behavioral>) from library <work>.
INFO:HDLCompiler:679 - "/edu/sebca553/Documents/copter_modern/VGA_lab-synthdir/xst/synth/../../../KBD_ENC.vhd" Line 301. Case statement is complete. others clause is never selected

Elaborating entity <PICT_MEM> (architecture <Behavioral>) from library <work>.

Elaborating entity <VGA_MOTOR> (architecture <Behavioral>) from library <work>.

=========================================================================
*                           HDL Synthesis                               *
=========================================================================

Synthesizing Unit <VGA_lab>.
    Related source file is "/edu/sebca553/Documents/copter_modern/VGA_lab.vhd".
INFO:Xst:3010 - "/edu/sebca553/Documents/copter_modern/VGA_lab.vhd" line 85: Output port <data_out1> of the instance <U1> is unconnected or connected to loadless signal.
    Summary:
	no macro.
Unit <VGA_lab> synthesized.

Synthesizing Unit <KBD_ENC>.
    Related source file is "/edu/sebca553/Documents/copter_modern/KBD_ENC.vhd".
    Found 1-bit register for signal <PS2Data>.
    Found 1-bit register for signal <PS2Clk_Q1>.
    Found 1-bit register for signal <PS2Clk_Q2>.
    Found 11-bit register for signal <PS2Data_sr>.
    Found 4-bit register for signal <PS2BitCounter>.
    Found 1-bit register for signal <BC11>.
    Found 2-bit register for signal <PS2state>.
    Found 6-bit register for signal <curposX>.
    Found 5-bit register for signal <curposY>.
    Found 2-bit register for signal <WRstate>.
    Found 1-bit register for signal <PS2Clk>.
    Found finite state machine <FSM_0> for signal <PS2state>.
    -----------------------------------------------------------------------
    | States             | 3                                              |
    | Transitions        | 6                                              |
    | Inputs             | 2                                              |
    | Outputs            | 1                                              |
    | Clock              | clk (rising_edge)                              |
    | Power Up State     | idle                                           |
    | Encoding           | auto                                           |
    | Implementation     | LUT                                            |
    -----------------------------------------------------------------------
    Found finite state machine <FSM_1> for signal <WRstate>.
    -----------------------------------------------------------------------
    | States             | 3                                              |
    | Transitions        | 4                                              |
    | Inputs             | 1                                              |
    | Outputs            | 3                                              |
    | Clock              | clk (rising_edge)                              |
    | Reset              | rst (positive)                                 |
    | Reset type         | synchronous                                    |
    | Reset State        | standby                                        |
    | Power Up State     | standby                                        |
    | Encoding           | auto                                           |
    | Implementation     | LUT                                            |
    -----------------------------------------------------------------------
    Found 4-bit adder for signal <PS2BitCounter[3]_GND_5_o_add_4_OUT> created at line 1241.
    Found 6-bit adder for signal <curposX[5]_GND_5_o_add_59_OUT> created at line 1241.
    Found 5-bit adder for signal <curposY[4]_GND_5_o_add_87_OUT> created at line 1241.
    Found 11-bit adder for signal <addr> created at line 316.
    Found 6-bit subtractor for signal <GND_5_o_GND_5_o_sub_64_OUT<5:0>> created at line 1308.
    Found 5-bit subtractor for signal <GND_5_o_GND_5_o_sub_83_OUT<4:0>> created at line 1308.
    Found 5x5-bit multiplier for signal <PWR_5_o_curposY[4]_MuLt_101_OUT> created at line 316.
    Summary:
	inferred   1 Multiplier(s).
	inferred   5 Adder/Subtractor(s).
	inferred  31 D-type flip-flop(s).
	inferred  12 Multiplexer(s).
	inferred   2 Finite State Machine(s).
Unit <KBD_ENC> synthesized.

Synthesizing Unit <PICT_MEM>.
    Related source file is "/edu/sebca553/Documents/copter_modern/PICT_MEM.vhd".
    Found 2048x8-bit dual-port RAM <Mram_pictMem> for signal <pictMem>.
    Found 8-bit register for signal <data_out2>.
    Found 8-bit register for signal <data_out1>.
    Summary:
	inferred   1 RAM(s).
	inferred  16 D-type flip-flop(s).
Unit <PICT_MEM> synthesized.

Synthesizing Unit <VGA_MOTOR>.
    Related source file is "/edu/sebca553/Documents/copter_modern/VGA_MOTOR/VGA_MOTOR.vhd".
WARNING:Xst:647 - Input <data<7:5>> is never used. This port will be preserved and left unconnected if it belongs to a top-level block or it belongs to a sub-block and the hierarchy of this sub-block is preserved.
WARNING:Xst:2999 - Signal 'tileMem', unconnected in block 'VGA_MOTOR', is tied to its initial value.
    Found 2048x8-bit single-port Read Only RAM <Mram_tileMem> for signal <tileMem>.
    Found 10-bit register for signal <Xpixel>.
    Found 10-bit register for signal <Ypixel>.
    Found 8-bit register for signal <tilePixel>.
    Found 2-bit register for signal <ClkDiv>.
    Found 2-bit adder for signal <ClkDiv[1]_GND_17_o_add_0_OUT> created at line 1241.
    Found 10-bit adder for signal <Xpixel[9]_GND_17_o_add_5_OUT> created at line 1241.
    Found 10-bit adder for signal <Ypixel[9]_GND_17_o_add_13_OUT> created at line 1241.
    Found 11-bit adder for signal <addr> created at line 465.
    Found 5x4-bit multiplier for signal <PWR_9_o_Ypixel[8]_MuLt_26_OUT> created at line 465.
    Found 10-bit comparator lessequal for signal <n0009> created at line 390
    Found 10-bit comparator lessequal for signal <n0011> created at line 390
    Found 10-bit comparator lessequal for signal <n0020> created at line 431
    Found 10-bit comparator lessequal for signal <n0022> created at line 431
    Found 10-bit comparator lessequal for signal <n0025> created at line 444
    Found 10-bit comparator lessequal for signal <n0027> created at line 444
    Summary:
	inferred   1 RAM(s).
	inferred   1 Multiplier(s).
	inferred   4 Adder/Subtractor(s).
	inferred  30 D-type flip-flop(s).
	inferred   6 Comparator(s).
Unit <VGA_MOTOR> synthesized.
RTL-Simplification CPUSTAT: 0.12 
RTL-BasicInf CPUSTAT: 0.19 
RTL-BasicOpt CPUSTAT: 0.00 
RTL-Remain-Bus CPUSTAT: 0.00 

=========================================================================
HDL Synthesis Report

Macro Statistics
# RAMs                                                 : 2
 2048x8-bit dual-port RAM                              : 1
 2048x8-bit single-port Read Only RAM                  : 1
# Multipliers                                          : 2
 5x4-bit multiplier                                    : 1
 5x5-bit multiplier                                    : 1
# Adders/Subtractors                                   : 9
 10-bit adder                                          : 2
 11-bit adder                                          : 2
 2-bit adder                                           : 1
 4-bit adder                                           : 1
 5-bit adder                                           : 1
 5-bit subtractor                                      : 1
 6-bit addsub                                          : 1
# Registers                                            : 15
 1-bit register                                        : 5
 10-bit register                                       : 2
 11-bit register                                       : 1
 2-bit register                                        : 1
 4-bit register                                        : 1
 5-bit register                                        : 1
 6-bit register                                        : 1
 8-bit register                                        : 3
# Comparators                                          : 6
 10-bit comparator lessequal                           : 6
# Multiplexers                                         : 12
 5-bit 2-to-1 multiplexer                              : 4
 6-bit 2-to-1 multiplexer                              : 7
 8-bit 2-to-1 multiplexer                              : 1
# FSMs                                                 : 2

=========================================================================
INFO:Xst:1767 - HDL ADVISOR - Resource sharing has identified that some arithmetic operations in this design can share the same physical resources for reduced device utilization. For improved clock frequency you may try to disable resource sharing.

=========================================================================
*                       Advanced HDL Synthesis                          *
=========================================================================


Synthesizing (advanced) Unit <KBD_ENC>.
The following registers are absorbed into counter <PS2BitCounter>: 1 register on signal <PS2BitCounter>.
	Multiplier <Mmult_PWR_5_o_curposY[4]_MuLt_101_OUT> in block <KBD_ENC> and adder/subtractor <Madd_addr> in block <KBD_ENC> are combined into a MAC<Maddsub_PWR_5_o_curposY[4]_MuLt_101_OUT>.
	The following registers are also absorbed by the MAC: <curposY> in block <KBD_ENC>, <curposX> in block <KBD_ENC>.
Unit <KBD_ENC> synthesized (advanced).

Synthesizing (advanced) Unit <PICT_MEM>.
INFO:Xst:3040 - The RAM <Mram_pictMem> will be implemented as a BLOCK RAM, absorbing the following register(s): <data_out1> <data_out2>
    -----------------------------------------------------------------------
    | ram_type           | Block                               |          |
    -----------------------------------------------------------------------
    | Port A                                                              |
    |     aspect ratio   | 2048-word x 8-bit                   |          |
    |     mode           | read-first                          |          |
    |     clkA           | connected to signal <clk>           | rise     |
    |     weA            | connected to signal <we1>           | high     |
    |     addrA          | connected to signal <addr1>         |          |
    |     diA            | connected to signal <data_in1>      |          |
    |     doA            | connected to signal <data_out1>     |          |
    -----------------------------------------------------------------------
    | optimization       | speed                               |          |
    -----------------------------------------------------------------------
    | Port B                                                              |
    |     aspect ratio   | 2048-word x 8-bit                   |          |
    |     mode           | write-first                         |          |
    |     clkB           | connected to signal <clk>           | rise     |
    |     weB            | connected to signal <GND>           | high     |
    |     addrB          | connected to signal <addr2>         |          |
    |     diB            | connected to signal <GND>           |          |
    |     doB            | connected to signal <data_out2>     |          |
    -----------------------------------------------------------------------
    | optimization       | speed                               |          |
    -----------------------------------------------------------------------
Unit <PICT_MEM> synthesized (advanced).

Synthesizing (advanced) Unit <VGA_MOTOR>.
The following registers are absorbed into counter <ClkDiv>: 1 register on signal <ClkDiv>.
The following registers are absorbed into counter <Xpixel>: 1 register on signal <Xpixel>.
The following registers are absorbed into counter <Ypixel>: 1 register on signal <Ypixel>.
	Multiplier <Mmult_PWR_9_o_Ypixel[8]_MuLt_26_OUT> in block <VGA_MOTOR> and adder/subtractor <Madd_addr> in block <VGA_MOTOR> are combined into a MAC<Maddsub_PWR_9_o_Ypixel[8]_MuLt_26_OUT>.
INFO:Xst:3040 - The RAM <Mram_tileMem> will be implemented as a BLOCK RAM, absorbing the following register(s): <tilePixel>
    -----------------------------------------------------------------------
    | ram_type           | Block                               |          |
    -----------------------------------------------------------------------
    | Port A                                                              |
    |     aspect ratio   | 2048-word x 8-bit                   |          |
    |     mode           | write-first                         |          |
    |     clkA           | connected to signal <clk>           | rise     |
    |     weA            | connected to signal <GND>           | high     |
    |     addrA          | connected to signal <(data,Ypixel<4:2>,Xpixel<4:2>)> |          |
    |     diA            | connected to signal <GND>           |          |
    |     doA            | connected to signal <tilePixel>     |          |
    |     dorstA         | connected to signal <blank>         | high     |
    | reset value        | 00000000                                       |
    -----------------------------------------------------------------------
    | optimization       | speed                               |          |
    -----------------------------------------------------------------------
Unit <VGA_MOTOR> synthesized (advanced).
WARNING:Xst:2677 - Node <PS2Data_sr_0> of sequential type is unconnected in block <KBD_ENC>.

=========================================================================
Advanced HDL Synthesis Report

Macro Statistics
# RAMs                                                 : 2
 2048x8-bit dual-port block RAM                        : 1
 2048x8-bit single-port block Read Only RAM            : 1
# MACs                                                 : 2
 5x4-to-11-bit MAC                                     : 1
 5x5-to-11-bit MAC                                     : 1
# Adders/Subtractors                                   : 3
 5-bit adder                                           : 1
 5-bit subtractor                                      : 1
 6-bit addsub                                          : 1
# Counters                                             : 4
 10-bit up counter                                     : 2
 2-bit up counter                                      : 1
 4-bit up counter                                      : 1
# Registers                                            : 26
 Flip-Flops                                            : 26
# Comparators                                          : 6
 10-bit comparator lessequal                           : 6
# Multiplexers                                         : 12
 5-bit 2-to-1 multiplexer                              : 4
 6-bit 2-to-1 multiplexer                              : 7
 8-bit 2-to-1 multiplexer                              : 1
# FSMs                                                 : 2

=========================================================================

=========================================================================
*                         Low Level Synthesis                           *
=========================================================================
Analyzing FSM <MFsm> for best encoding.
Optimizing FSM <U0/FSM_0> on signal <PS2state[1:2]> with gray encoding.
-------------------
 State | Encoding
-------------------
 idle  | 00
 make  | 11
 break | 01
-------------------
Analyzing FSM <MFsm> for best encoding.
Optimizing FSM <U0/FSM_1> on signal <WRstate[1:2]> with user encoding.
---------------------
 State   | Encoding
---------------------
 standby | 00
 wrchar  | 01
 wrcur   | 10
---------------------
WARNING:Xst:1710 - FF/Latch <Maddsub_PWR_5_o_curposY[4]_MuLt_101_OUT1_0> (without init value) has a constant value of 0 in block <KBD_ENC>. This FF/Latch will be trimmed during the optimization process.
WARNING:Xst:1895 - Due to other FF/Latch trimming, FF/Latch <Maddsub_PWR_5_o_curposY[4]_MuLt_101_OUT_0> (without init value) has a constant value of 0 in block <KBD_ENC>. This FF/Latch will be trimmed during the optimization process.
INFO:Xst:2261 - The FF/Latch <curposX_2> in Unit <KBD_ENC> is equivalent to the following FF/Latch, which will be removed : <Maddsub_PWR_5_o_curposY[4]_MuLt_101_OUT1_4> 
INFO:Xst:2261 - The FF/Latch <curposY_2> in Unit <KBD_ENC> is equivalent to the following FF/Latch, which will be removed : <Maddsub_PWR_5_o_curposY[4]_MuLt_101_OUT_3> 
INFO:Xst:2261 - The FF/Latch <curposX_3> in Unit <KBD_ENC> is equivalent to the following FF/Latch, which will be removed : <Maddsub_PWR_5_o_curposY[4]_MuLt_101_OUT1_3> 
INFO:Xst:2261 - The FF/Latch <curposY_3> in Unit <KBD_ENC> is equivalent to the following FF/Latch, which will be removed : <Maddsub_PWR_5_o_curposY[4]_MuLt_101_OUT_2> 
INFO:Xst:2261 - The FF/Latch <curposX_4> in Unit <KBD_ENC> is equivalent to the following FF/Latch, which will be removed : <Maddsub_PWR_5_o_curposY[4]_MuLt_101_OUT1_2> 
INFO:Xst:2261 - The FF/Latch <curposY_4> in Unit <KBD_ENC> is equivalent to the following FF/Latch, which will be removed : <Maddsub_PWR_5_o_curposY[4]_MuLt_101_OUT_1> 
INFO:Xst:2261 - The FF/Latch <curposX_5> in Unit <KBD_ENC> is equivalent to the following FF/Latch, which will be removed : <Maddsub_PWR_5_o_curposY[4]_MuLt_101_OUT1_1> 
INFO:Xst:2261 - The FF/Latch <curposX_0> in Unit <KBD_ENC> is equivalent to the following FF/Latch, which will be removed : <Maddsub_PWR_5_o_curposY[4]_MuLt_101_OUT1_6> 
INFO:Xst:2261 - The FF/Latch <curposY_0> in Unit <KBD_ENC> is equivalent to the following FF/Latch, which will be removed : <Maddsub_PWR_5_o_curposY[4]_MuLt_101_OUT_5> 
INFO:Xst:2261 - The FF/Latch <curposX_1> in Unit <KBD_ENC> is equivalent to the following FF/Latch, which will be removed : <Maddsub_PWR_5_o_curposY[4]_MuLt_101_OUT1_5> 
INFO:Xst:2261 - The FF/Latch <curposY_1> in Unit <KBD_ENC> is equivalent to the following FF/Latch, which will be removed : <Maddsub_PWR_5_o_curposY[4]_MuLt_101_OUT_4> 

Optimizing unit <VGA_lab> ...

Optimizing unit <KBD_ENC> ...

Optimizing unit <VGA_MOTOR> ...

Mapping all equations...
Building and optimizing final netlist ...
Found area constraint ratio of 100 (+ 0) on block VGA_lab, actual ratio is 1.

Final Macro Processing ...

Processing Unit <VGA_lab> :
	Found 3-bit shift register for signal <U0/PS2Data_sr_8>.
Unit <VGA_lab> processed.

=========================================================================
Final Register Report

Macro Statistics
# Registers                                            : 53
 Flip-Flops                                            : 53
# Shift Registers                                      : 1
 3-bit shift register                                  : 1

=========================================================================

=========================================================================
*                           Partition Report                            *
=========================================================================

Partition Implementation Status
-------------------------------

  No Partitions were found in this design.

-------------------------------

=========================================================================
*                            Design Summary                             *
=========================================================================

Top Level Output File Name         : design.ngc

Primitive and Black Box Usage:
------------------------------
# BELS                             : 217
#      GND                         : 1
#      INV                         : 8
#      LUT1                        : 26
#      LUT2                        : 16
#      LUT3                        : 8
#      LUT4                        : 19
#      LUT5                        : 20
#      LUT6                        : 36
#      MUXCY                       : 37
#      MUXF7                       : 4
#      VCC                         : 1
#      XORCY                       : 41
# FlipFlops/Latches                : 54
#      FD                          : 14
#      FDE                         : 8
#      FDR                         : 6
#      FDRE                        : 25
#      FDS                         : 1
# RAMS                             : 2
#      RAMB16BWER                  : 2
# Shift Registers                  : 1
#      SRLC16E                     : 1
# Clock Buffers                    : 1
#      BUFGP                       : 1
# IO Buffers                       : 13
#      IBUF                        : 3
#      OBUF                        : 10

Device utilization summary:
---------------------------

Selected Device : 6slx16csg324-3 


Slice Logic Utilization: 
 Number of Slice Registers:              54  out of  18224     0%  
 Number of Slice LUTs:                  134  out of   9112     1%  
    Number used as Logic:               133  out of   9112     1%  
    Number used as Memory:                1  out of   2176     0%  
       Number used as SRL:                1

Slice Logic Distribution: 
 Number of LUT Flip Flop pairs used:    140
   Number with an unused Flip Flop:      86  out of    140    61%  
   Number with an unused LUT:             6  out of    140     4%  
   Number of fully used LUT-FF pairs:    48  out of    140    34%  
   Number of unique control sets:         8

IO Utilization: 
 Number of IOs:                          14
 Number of bonded IOBs:                  14  out of    232     6%  

Specific Feature Utilization:
 Number of Block RAM/FIFO:                2  out of     32     6%  
    Number using Block RAM only:          2
 Number of BUFG/BUFGCTRLs:                1  out of     16     6%  

---------------------------
Partition Resource Summary:
---------------------------

  No Partitions were found in this design.

---------------------------


=========================================================================
Timing Report

NOTE: THESE TIMING NUMBERS ARE ONLY A SYNTHESIS ESTIMATE.
      FOR ACCURATE TIMING INFORMATION PLEASE REFER TO THE TRACE REPORT
      GENERATED AFTER PLACE-and-ROUTE.

Clock Information:
------------------
-----------------------------------+------------------------+-------+
Clock Signal                       | Clock buffer(FF name)  | Load  |
-----------------------------------+------------------------+-------+
clk                                | BUFGP                  | 57    |
-----------------------------------+------------------------+-------+

Asynchronous Control Signals Information:
----------------------------------------
No asynchronous control signals found in this design

Timing Summary:
---------------
Speed Grade: -3

   Minimum period: 5.195ns (Maximum Frequency: 192.482MHz)
   Minimum input arrival time before clock: 2.679ns
   Maximum output required time after clock: 6.550ns
   Maximum combinational path delay: No path found

Timing Details:
---------------
All values displayed in nanoseconds (ns)

=========================================================================
Timing constraint: Default period analysis for Clock 'clk'
  Clock period: 5.195ns (frequency: 192.482MHz)
  Total number of paths / destination ports: 1957 / 144
-------------------------------------------------------------------------
Delay:               5.195ns (Levels of Logic = 12)
  Source:            U0/curposY_2 (FF)
  Destination:       U1/Mram_pictMem (RAM)
  Source Clock:      clk rising
  Destination Clock: clk rising

  Data Path: U0/curposY_2 to U1/Mram_pictMem
                                Gate     Net
    Cell:in->out      fanout   Delay   Delay  Logical Name (Net Name)
    ----------------------------------------  ------------
     FDRE:C->Q             9   0.447   0.934  U0/curposY_2 (U0/curposY_2)
     LUT2:I0->O            1   0.203   0.000  U0/Maddsub_PWR_5_o_curposY[4]_MuLt_101_OUT_Madd1_lut<4> (U0/Maddsub_PWR_5_o_curposY[4]_MuLt_101_OUT_Madd1_lut<4>)
     MUXCY:S->O            1   0.172   0.000  U0/Maddsub_PWR_5_o_curposY[4]_MuLt_101_OUT_Madd1_cy<4> (U0/Maddsub_PWR_5_o_curposY[4]_MuLt_101_OUT_Madd1_cy<4>)
     MUXCY:CI->O           1   0.019   0.000  U0/Maddsub_PWR_5_o_curposY[4]_MuLt_101_OUT_Madd1_cy<5> (U0/Maddsub_PWR_5_o_curposY[4]_MuLt_101_OUT_Madd1_cy<5>)
     MUXCY:CI->O           1   0.019   0.000  U0/Maddsub_PWR_5_o_curposY[4]_MuLt_101_OUT_Madd1_cy<6> (U0/Maddsub_PWR_5_o_curposY[4]_MuLt_101_OUT_Madd1_cy<6>)
     MUXCY:CI->O           1   0.019   0.000  U0/Maddsub_PWR_5_o_curposY[4]_MuLt_101_OUT_Madd1_cy<7> (U0/Maddsub_PWR_5_o_curposY[4]_MuLt_101_OUT_Madd1_cy<7>)
     XORCY:CI->O           1   0.180   0.579  U0/Maddsub_PWR_5_o_curposY[4]_MuLt_101_OUT_Madd1_xor<8> (U0/Maddsub_PWR_5_o_curposY[4]_MuLt_101_OUT_Madd_81)
     INV:I->O              1   0.206   0.000  U0/Maddsub_PWR_5_o_curposY[4]_MuLt_101_OUT_Madd2_lut<8>_INV_0 (U0/Maddsub_PWR_5_o_curposY[4]_MuLt_101_OUT_Madd2_lut<8>)
     MUXCY:S->O            0   0.172   0.000  U0/Maddsub_PWR_5_o_curposY[4]_MuLt_101_OUT_Madd2_cy<8> (U0/Maddsub_PWR_5_o_curposY[4]_MuLt_101_OUT_Madd2_cy<8>)
     XORCY:CI->O           1   0.180   0.580  U0/Maddsub_PWR_5_o_curposY[4]_MuLt_101_OUT_Madd2_xor<9> (U0/Maddsub_PWR_5_o_curposY[4]_MuLt_101_OUT_9)
     LUT1:I0->O            1   0.205   0.000  U0/Maddsub_PWR_5_o_curposY[4]_MuLt_101_OUT_Madd_cy<9>_rt (U0/Maddsub_PWR_5_o_curposY[4]_MuLt_101_OUT_Madd_cy<9>_rt)
     MUXCY:S->O            0   0.172   0.000  U0/Maddsub_PWR_5_o_curposY[4]_MuLt_101_OUT_Madd_cy<9> (U0/Maddsub_PWR_5_o_curposY[4]_MuLt_101_OUT_Madd_cy<9>)
     XORCY:CI->O           1   0.180   0.579  U0/Maddsub_PWR_5_o_curposY[4]_MuLt_101_OUT_Madd_xor<10> (addr_s<10>)
     RAMB16BWER:ADDRA13        0.350          U1/Mram_pictMem
    ----------------------------------------
    Total                      5.195ns (2.524ns logic, 2.671ns route)
                                       (48.6% logic, 51.4% route)

=========================================================================
Timing constraint: Default OFFSET IN BEFORE for Clock 'clk'
  Total number of paths / destination ports: 19 / 19
-------------------------------------------------------------------------
Offset:              2.679ns (Levels of Logic = 1)
  Source:            rst (PAD)
  Destination:       U0/WRstate_FSM_FFd1 (FF)
  Destination Clock: clk rising

  Data Path: rst to U0/WRstate_FSM_FFd1
                                Gate     Net
    Cell:in->out      fanout   Delay   Delay  Logical Name (Net Name)
    ----------------------------------------  ------------
     IBUF:I->O            17   1.222   1.027  rst_IBUF (rst_IBUF)
     FDR:R                     0.430          U0/PS2Clk_Q2
    ----------------------------------------
    Total                      2.679ns (1.652ns logic, 1.027ns route)
                                       (61.7% logic, 38.3% route)

=========================================================================
Timing constraint: Default OFFSET OUT AFTER for Clock 'clk'
  Total number of paths / destination ports: 35 / 10
-------------------------------------------------------------------------
Offset:              6.550ns (Levels of Logic = 4)
  Source:            U2/Xpixel_0 (FF)
  Destination:       Hsync (PAD)
  Source Clock:      clk rising

  Data Path: U2/Xpixel_0 to Hsync
                                Gate     Net
    Cell:in->out      fanout   Delay   Delay  Logical Name (Net Name)
    ----------------------------------------  ------------
     FDRE:C->Q             3   0.447   0.898  U2/Xpixel_0 (U2/Xpixel_0)
     LUT4:I0->O            2   0.203   0.617  U2/Hsync1211 (U2/N25)
     LUT5:I4->O            1   0.205   0.827  U2/Hsync1 (U2/Hsync)
     LUT6:I2->O            1   0.203   0.579  U2/Hsync4 (Hsync_OBUF)
     OBUF:I->O                 2.571          Hsync_OBUF (Hsync)
    ----------------------------------------
    Total                      6.550ns (3.629ns logic, 2.921ns route)
                                       (55.4% logic, 44.6% route)

=========================================================================

Cross Clock Domains Report:
--------------------------

Clock to Setup on destination clock clk
---------------+---------+---------+---------+---------+
               | Src:Rise| Src:Fall| Src:Rise| Src:Fall|
Source Clock   |Dest:Rise|Dest:Rise|Dest:Fall|Dest:Fall|
---------------+---------+---------+---------+---------+
clk            |    5.195|         |         |         |
---------------+---------+---------+---------+---------+

=========================================================================


Total REAL time to Xst completion: 11.00 secs
Total CPU time to Xst completion: 5.19 secs
 
--> 


Total memory usage is 462056 kilobytes

Number of errors   :    0 (   0 filtered)
Number of warnings :    6 (   0 filtered)
Number of infos    :   15 (   0 filtered)

